[github.com/flipped-aurora/gin-vue-admin/server]2024-08-20 10:29:52.944	[31merror[0m	C:/Users/RJ516/Desktop/attendance/server/initialize/gorm_mysql.go:77	register table failed	{"error": "unsupported data type: &[]"}
[github.com/flipped-aurora/gin-vue-admin/server]2024-08-20 10:35:04.225	[31merror[0m	C:/Users/RJ516/Desktop/attendance/server/api/v1/system/sys_dept.go:43	è·å–å¤±è´¥!	{"error": "Error 1241 (21000): Operand should contain 1 column(s)"}
[github.com/flipped-aurora/gin-vue-admin/server]2024-08-20 10:37:58.908	[31merror[0m	C:/Users/RJ516/Desktop/attendance/server/api/v1/system/sys_dept.go:43	è·å–å¤±è´¥!	{"error": "Error 1241 (21000): Operand should contain 1 column(s)"}
[github.com/flipped-aurora/gin-vue-admin/server]2024-08-20 10:38:05.141	[31merror[0m	C:/Users/RJ516/Desktop/attendance/server/api/v1/system/sys_dept.go:43	è·å–å¤±è´¥!	{"error": "Error 1241 (21000): Operand should contain 1 column(s)"}
[github.com/flipped-aurora/gin-vue-admin/server]2024-08-20 10:39:42.805	[31merror[0m	C:/Users/RJ516/Desktop/attendance/server/api/v1/system/sys_dept.go:43	è·å–å¤±è´¥!	{"error": "Error 1241 (21000): Operand should contain 1 column(s)"}
[github.com/flipped-aurora/gin-vue-admin/server]2024-08-20 10:56:05.723	[31merror[0m	C:/Users/RJ516/Desktop/attendance/server/api/v1/system/sys_dept.go:43	è·å–å¤±è´¥!	{"error": "Error 1241 (21000): Operand should contain 1 column(s)"}
[github.com/flipped-aurora/gin-vue-admin/server]2024-08-20 11:07:32.133	[31merror[0m	C:/Users/RJ516/Desktop/attendance/server/api/v1/system/sys_dept.go:43	è·å–å¤±è´¥!	{"error": "Error 1241 (21000): Operand should contain 1 column(s)"}
[github.com/flipped-aurora/gin-vue-admin/server]2024-08-20 11:10:31.186	[31merror[0m	C:/Users/RJ516/Desktop/attendance/server/api/v1/system/sys_dept.go:43	è·å–å¤±è´¥!	{"error": "Error 1241 (21000): Operand should contain 1 column(s)"}
[github.com/flipped-aurora/gin-vue-admin/server]2024-08-20 11:29:28.098	[31merror[0m	C:/Users/RJ516/Desktop/attendance/server/api/v1/system/sys_dept.go:24	è·å–å¤±è´¥!	{"error": "sql: Scan error on column index 3, name \"click_in_time\": json: cannot unmarshal number into Go value of type string"}
[github.com/flipped-aurora/gin-vue-admin/server]2024-08-20 11:32:25.751	[31merror[0m	C:/Users/RJ516/Desktop/attendance/server/api/v1/system/sys_dept.go:43	è·å–å¤±è´¥!	{"error": "Error 1241 (21000): Operand should contain 1 column(s)"}
[github.com/flipped-aurora/gin-vue-admin/server]2024-08-20 11:41:16.415	[31merror[0m	C:/Users/RJ516/Desktop/attendance/server/api/v1/system/sys_dept.go:60	è·å–å¤±è´¥!	{"error": "è¯¥éƒ¨é—¨å·²æœ‰å‘˜å·¥ï¼Œæ— æ³•åˆ é™¤"}
[github.com/flipped-aurora/gin-vue-admin/server]2024-08-20 17:40:00.405	[31merror[0m	C:/Users/RJ516/Desktop/attendance/server/api/v1/system/sys_user.go:104	è·å–å¤±è´¥!	{"error": "ç”¨æˆ·å·²æœ‰è§’è‰²ï¼Œæ— æ³•åˆ é™¤"}
[github.com/flipped-aurora/gin-vue-admin/server]2024-08-20 17:40:08.332	[31merror[0m	C:/Users/RJ516/Desktop/attendance/server/api/v1/system/sys_user.go:104	è·å–å¤±è´¥!	{"error": "ç”¨æˆ·å·²æœ‰è§’è‰²ï¼Œæ— æ³•åˆ é™¤"}
[github.com/flipped-aurora/gin-vue-admin/server]2024-08-20 18:07:31.234	[31merror[0m	C:/Users/RJ516/Desktop/attendance/server/service/attendace/attendance.go:332	è¯¥ç”¨æˆ·éæœ¬å…¬å¸å‘˜å·¥!
[github.com/flipped-aurora/gin-vue-admin/server]2024-08-20 18:07:31.234	[31merror[0m	C:/Users/RJ516/Desktop/attendance/server/service/attendace/attendance.go:332	è¯¥ç”¨æˆ·éæœ¬å…¬å¸å‘˜å·¥!
[github.com/flipped-aurora/gin-vue-admin/server]2024-08-20 18:07:31.236	[31merror[0m	C:/Users/RJ516/Desktop/attendance/server/service/attendace/attendance.go:332	è¯¥ç”¨æˆ·éæœ¬å…¬å¸å‘˜å·¥!
[github.com/flipped-aurora/gin-vue-admin/server]2024-08-20 18:07:31.237	[31merror[0m	C:/Users/RJ516/Desktop/attendance/server/service/attendace/attendance.go:332	è¯¥ç”¨æˆ·éæœ¬å…¬å¸å‘˜å·¥!
[github.com/flipped-aurora/gin-vue-admin/server]2024-08-20 18:07:31.238	[31merror[0m	C:/Users/RJ516/Desktop/attendance/server/service/attendace/attendance.go:332	è¯¥ç”¨æˆ·éæœ¬å…¬å¸å‘˜å·¥!
[github.com/flipped-aurora/gin-vue-admin/server]2024-08-20 18:07:31.238	[31merror[0m	C:/Users/RJ516/Desktop/attendance/server/service/attendace/attendance.go:332	è¯¥ç”¨æˆ·éæœ¬å…¬å¸å‘˜å·¥!
[github.com/flipped-aurora/gin-vue-admin/server]2024-08-20 18:07:31.239	[31merror[0m	C:/Users/RJ516/Desktop/attendance/server/service/attendace/attendance.go:332	è¯¥ç”¨æˆ·éæœ¬å…¬å¸å‘˜å·¥!
[github.com/flipped-aurora/gin-vue-admin/server]2024-08-20 18:07:31.240	[31merror[0m	C:/Users/RJ516/Desktop/attendance/server/service/attendace/attendance.go:332	è¯¥ç”¨æˆ·éæœ¬å…¬å¸å‘˜å·¥!
[github.com/flipped-aurora/gin-vue-admin/server]2024-08-20 18:07:31.241	[31merror[0m	C:/Users/RJ516/Desktop/attendance/server/service/attendace/attendance.go:332	è¯¥ç”¨æˆ·éæœ¬å…¬å¸å‘˜å·¥!
[github.com/flipped-aurora/gin-vue-admin/server]2024-08-20 18:07:31.242	[31merror[0m	C:/Users/RJ516/Desktop/attendance/server/service/attendace/attendance.go:332	è¯¥ç”¨æˆ·éæœ¬å…¬å¸å‘˜å·¥!
[github.com/flipped-aurora/gin-vue-admin/server]2024-08-20 18:07:31.243	[31merror[0m	C:/Users/RJ516/Desktop/attendance/server/service/attendace/attendance.go:332	è¯¥ç”¨æˆ·éæœ¬å…¬å¸å‘˜å·¥!
[github.com/flipped-aurora/gin-vue-admin/server]2024-08-20 18:07:31.245	[31merror[0m	C:/Users/RJ516/Desktop/attendance/server/service/attendace/attendance.go:332	è¯¥ç”¨æˆ·éæœ¬å…¬å¸å‘˜å·¥!
[github.com/flipped-aurora/gin-vue-admin/server]2024-08-20 18:07:31.245	[31merror[0m	C:/Users/RJ516/Desktop/attendance/server/service/attendace/attendance.go:332	è¯¥ç”¨æˆ·éæœ¬å…¬å¸å‘˜å·¥!
[github.com/flipped-aurora/gin-vue-admin/server]2024-08-20 18:07:31.247	[31merror[0m	C:/Users/RJ516/Desktop/attendance/server/service/attendace/attendance.go:332	è¯¥ç”¨æˆ·éæœ¬å…¬å¸å‘˜å·¥!
