[github.com/flipped-aurora/gin-vue-admin/server]2024-08-08 17:17:36.654	[31merror[0m	C:/Users/RJ516/Desktop/attendance/server/api/v1/system/sys_base.go:28	ç™»é™†å¤±è´¥! ç”¨æˆ·åä¸å­˜åœ¨æˆ–è€…å¯†ç é”™è¯¯!	{"error": "å¯†ç é”™è¯¯"}
[github.com/flipped-aurora/gin-vue-admin/server]2024-08-08 17:30:56.331	[31merror[0m	C:/Users/RJ516/Desktop/attendance/server/api/v1/system/sys_base.go:28	ç™»é™†å¤±è´¥! ç”¨æˆ·åä¸å­˜åœ¨æˆ–è€…å¯†ç é”™è¯¯!	{"error": "å¯†ç é”™è¯¯"}
[github.com/flipped-aurora/gin-vue-admin/server]2024-08-08 17:35:58.336	[31merror[0m	C:/Users/RJ516/Desktop/attendance/server/service/system/sys_casbin.go:247	å­—ç¬¦ä¸²åŠ è½½æ¨¡å‹å¤±è´¥!	{"error": "parse the content error : line 7 , admin ALL ALL = ? "}
[github.com/flipped-aurora/gin-vue-admin/server]2024-08-08 17:36:15.599	[31merror[0m	C:/Users/RJ516/Desktop/attendance/server/service/system/sys_casbin.go:247	å­—ç¬¦ä¸²åŠ è½½æ¨¡å‹å¤±è´¥!	{"error": "parse the content error : line 7 , admin ALL ALL = ? "}
[github.com/flipped-aurora/gin-vue-admin/server]2024-08-08 17:37:31.797	[31merror[0m	C:/Users/RJ516/Desktop/attendance/server/service/system/sys_casbin.go:247	å­—ç¬¦ä¸²åŠ è½½æ¨¡å‹å¤±è´¥!	{"error": "parse the content error : line 7 , admin, ALL , ALL = ? "}
[github.com/flipped-aurora/gin-vue-admin/server]2024-08-08 18:38:34.261	[31merror[0m	C:/Users/RJ516/Desktop/attendance/server/api/v1/system/sys_base.go:89	è·å–å¤±è´¥!	{"error": "record not found"}
[github.com/flipped-aurora/gin-vue-admin/server]2024-08-08 18:38:35.777	[31merror[0m	C:/Users/RJ516/Desktop/attendance/server/api/v1/system/sys_base.go:28	ç™»é™†å¤±è´¥! ç”¨æˆ·åä¸å­˜åœ¨æˆ–è€…å¯†ç é”™è¯¯!	{"error": "record not found"}
[github.com/flipped-aurora/gin-vue-admin/server]2024-08-08 18:46:32.290	[31merror[0m	C:/Users/RJ516/Desktop/attendance/server/api/v1/system/sys_base.go:28	ç™»é™†å¤±è´¥! ç”¨æˆ·åä¸å­˜åœ¨æˆ–è€…å¯†ç é”™è¯¯!	{"error": "sql: Scan error on column index 4, name \"uuid\": uuid: incorrect UUID length 19 in string \"8753150291600881171\""}
[github.com/flipped-aurora/gin-vue-admin/server]2024-08-08 18:48:37.094	[31merror[0m	C:/Users/RJ516/Desktop/attendance/server/api/v1/system/sys_base.go:28	ç™»é™†å¤±è´¥! ç”¨æˆ·åä¸å­˜åœ¨æˆ–è€…å¯†ç é”™è¯¯!	{"error": "sql: Scan error on column index 4, name \"uuid\": uuid: incorrect UUID length 19 in string \"8753150291600881171\""}
[github.com/flipped-aurora/gin-vue-admin/server]2024-08-08 18:48:54.058	[31merror[0m	C:/Users/RJ516/Desktop/attendance/server/api/v1/system/sys_base.go:28	ç™»é™†å¤±è´¥! ç”¨æˆ·åä¸å­˜åœ¨æˆ–è€…å¯†ç é”™è¯¯!	{"error": "sql: Scan error on column index 4, name \"uuid\": uuid: incorrect UUID length 19 in string \"8753150291600881171\""}
[github.com/flipped-aurora/gin-vue-admin/server]2024-08-08 18:49:10.451	[31merror[0m	C:/Users/RJ516/Desktop/attendance/server/api/v1/system/sys_base.go:29	ç™»é™†å¤±è´¥! ç”¨æˆ·åä¸å­˜åœ¨æˆ–è€…å¯†ç é”™è¯¯!	{"error": "sql: Scan error on column index 4, name \"uuid\": uuid: incorrect UUID length 19 in string \"8753150291600881171\""}
[github.com/flipped-aurora/gin-vue-admin/server]2024-08-08 18:49:54.453	[31merror[0m	C:/Users/RJ516/Desktop/attendance/server/api/v1/system/sys_base.go:27	ç™»é™†å¤±è´¥! ç”¨æˆ·åä¸å­˜åœ¨æˆ–è€…å¯†ç é”™è¯¯!	{"error": "sql: Scan error on column index 4, name \"uuid\": uuid: incorrect UUID length 19 in string \"8753150291600881171\""}
[github.com/flipped-aurora/gin-vue-admin/server]2024-08-08 18:49:57.348	[31merror[0m	C:/Users/RJ516/Desktop/attendance/server/api/v1/system/sys_base.go:27	ç™»é™†å¤±è´¥! ç”¨æˆ·åä¸å­˜åœ¨æˆ–è€…å¯†ç é”™è¯¯!	{"error": "sql: Scan error on column index 4, name \"uuid\": uuid: incorrect UUID length 19 in string \"8753150291600881171\""}
[github.com/flipped-aurora/gin-vue-admin/server]2024-08-08 18:52:42.513	[31merror[0m	C:/Users/RJ516/Desktop/attendance/server/api/v1/system/sys_base.go:27	ç™»é™†å¤±è´¥! ç”¨æˆ·åä¸å­˜åœ¨æˆ–è€…å¯†ç é”™è¯¯!	{"error": "sql: Scan error on column index 4, name \"uuid\": uuid: incorrect UUID length 19 in string \"8753150291600881171\""}
[github.com/flipped-aurora/gin-vue-admin/server]2024-08-08 18:53:31.122	[31merror[0m	C:/Users/RJ516/Desktop/attendance/server/api/v1/system/sys_base.go:27	ç™»é™†å¤±è´¥! ç”¨æˆ·åä¸å­˜åœ¨æˆ–è€…å¯†ç é”™è¯¯!	{"error": "sql: Scan error on column index 4, name \"uuid\": uuid: incorrect UUID length 19 in string \"8753150291600881171\""}
[github.com/flipped-aurora/gin-vue-admin/server]2024-08-08 18:55:23.733	[31merror[0m	C:/Users/RJ516/Desktop/attendance/server/api/v1/system/sys_base.go:27	ç™»é™†å¤±è´¥! ç”¨æˆ·åä¸å­˜åœ¨æˆ–è€…å¯†ç é”™è¯¯!	{"error": "sql: Scan error on column index 4, name \"uuid\": uuid: incorrect UUID length 19 in string \"8753150291600881171\""}
[github.com/flipped-aurora/gin-vue-admin/server]2024-08-08 18:57:58.300	[31merror[0m	C:/Users/RJ516/Desktop/attendance/server/api/v1/system/sys_base.go:27	ç™»é™†å¤±è´¥! ç”¨æˆ·åä¸å­˜åœ¨æˆ–è€…å¯†ç é”™è¯¯!	{"error": "sql: Scan error on column index 4, name \"uuid\": uuid: incorrect UUID length 19 in string \"8753150291600881171\""}
[github.com/flipped-aurora/gin-vue-admin/server]2024-08-08 18:58:02.352	[31merror[0m	C:/Users/RJ516/Desktop/attendance/server/api/v1/system/sys_base.go:27	ç™»é™†å¤±è´¥! ç”¨æˆ·åä¸å­˜åœ¨æˆ–è€…å¯†ç é”™è¯¯!	{"error": "sql: Scan error on column index 4, name \"uuid\": uuid: incorrect UUID length 19 in string \"8753150291600881171\""}
[github.com/flipped-aurora/gin-vue-admin/server]2024-08-08 18:58:34.097	[31merror[0m	C:/Users/RJ516/Desktop/attendance/server/api/v1/system/sys_base.go:27	ç™»é™†å¤±è´¥! ç”¨æˆ·åä¸å­˜åœ¨æˆ–è€…å¯†ç é”™è¯¯!	{"error": "sql: Scan error on column index 4, name \"uuid\": uuid: incorrect UUID length 7 in string \"8753150\""}
[github.com/flipped-aurora/gin-vue-admin/server]2024-08-08 18:59:10.102	[31merror[0m	C:/Users/RJ516/Desktop/attendance/server/api/v1/system/sys_base.go:27	ç™»é™†å¤±è´¥! ç”¨æˆ·åä¸å­˜åœ¨æˆ–è€…å¯†ç é”™è¯¯!	{"error": "å¯†ç é”™è¯¯"}
[github.com/flipped-aurora/gin-vue-admin/server]2024-08-08 18:59:55.866	[31merror[0m	C:/Users/RJ516/Desktop/attendance/server/api/v1/system/sys_base.go:27	ç™»é™†å¤±è´¥! ç”¨æˆ·åä¸å­˜åœ¨æˆ–è€…å¯†ç é”™è¯¯!	{"error": "å¯†ç é”™è¯¯"}
[github.com/flipped-aurora/gin-vue-admin/server]2024-08-08 19:00:06.519	[31merror[0m	C:/Users/RJ516/Desktop/attendance/server/api/v1/system/sys_base.go:27	ç™»é™†å¤±è´¥! ç”¨æˆ·åä¸å­˜åœ¨æˆ–è€…å¯†ç é”™è¯¯!	{"error": "å¯†ç é”™è¯¯"}
[github.com/flipped-aurora/gin-vue-admin/server]2024-08-08 19:00:44.144	[31merror[0m	C:/Users/RJ516/Desktop/attendance/server/api/v1/system/sys_base.go:27	ç™»é™†å¤±è´¥! ç”¨æˆ·åä¸å­˜åœ¨æˆ–è€…å¯†ç é”™è¯¯!	{"error": "å¯†ç é”™è¯¯"}
[github.com/flipped-aurora/gin-vue-admin/server]2024-08-08 19:00:45.917	[31merror[0m	C:/Users/RJ516/Desktop/attendance/server/api/v1/system/sys_base.go:27	ç™»é™†å¤±è´¥! ç”¨æˆ·åä¸å­˜åœ¨æˆ–è€…å¯†ç é”™è¯¯!	{"error": "å¯†ç é”™è¯¯"}
[github.com/flipped-aurora/gin-vue-admin/server]2024-08-08 19:02:31.011	[31merror[0m	C:/Users/RJ516/Desktop/attendance/server/api/v1/system/sys_base.go:27	ç™»é™†å¤±è´¥! ç”¨æˆ·åä¸å­˜åœ¨æˆ–è€…å¯†ç é”™è¯¯!	{"error": "å¯†ç é”™è¯¯"}
