[github.com/flipped-aurora/gin-vue-admin/server]2024-08-09 12:00:51.495	[31merror[0m	C:/Users/RJ516/Desktop/attendance/server/api/v1/system/sys_base.go:27	ç™»é™†å¤±è´¥! ç”¨æˆ·åä¸å­˜åœ¨æˆ–è€…å¯†ç é”™è¯¯!	{"error": "record not found"}
[github.com/flipped-aurora/gin-vue-admin/server]2024-08-09 12:01:16.131	[31merror[0m	C:/Users/RJ516/Desktop/attendance/server/api/v1/system/sys_base.go:27	ç™»é™†å¤±è´¥! ç”¨æˆ·åä¸å­˜åœ¨æˆ–è€…å¯†ç é”™è¯¯!	{"error": "å¯†ç é”™è¯¯"}
[github.com/flipped-aurora/gin-vue-admin/server]2024-08-09 12:01:22.254	[31merror[0m	C:/Users/RJ516/Desktop/attendance/server/api/v1/system/sys_base.go:27	ç™»é™†å¤±è´¥! ç”¨æˆ·åä¸å­˜åœ¨æˆ–è€…å¯†ç é”™è¯¯!	{"error": "å¯†ç é”™è¯¯"}
[github.com/flipped-aurora/gin-vue-admin/server]2024-08-09 13:52:20.485	[31merror[0m	C:/Users/RJ516/Desktop/attendance/server/api/v1/system/sys_base.go:27	ç™»é™†å¤±è´¥! ç”¨æˆ·åä¸å­˜åœ¨æˆ–è€…å¯†ç é”™è¯¯!	{"error": "record not found"}
[github.com/flipped-aurora/gin-vue-admin/server]2024-08-09 13:59:11.766	[31merror[0m	C:/Users/RJ516/Desktop/attendance/server/api/v1/system/sys_base.go:27	ç™»é™†å¤±è´¥! ç”¨æˆ·åä¸å­˜åœ¨æˆ–è€…å¯†ç é”™è¯¯!	{"error": "å¯†ç é”™è¯¯"}
[github.com/flipped-aurora/gin-vue-admin/server]2024-08-09 13:59:26.505	[31merror[0m	C:/Users/RJ516/Desktop/attendance/server/api/v1/system/sys_base.go:27	ç™»é™†å¤±è´¥! ç”¨æˆ·åä¸å­˜åœ¨æˆ–è€…å¯†ç é”™è¯¯!	{"error": "å¯†ç é”™è¯¯"}
[github.com/flipped-aurora/gin-vue-admin/server]2024-08-09 14:00:41.009	[31merror[0m	C:/Users/RJ516/Desktop/attendance/server/api/v1/system/sys_base.go:27	ç™»é™†å¤±è´¥! ç”¨æˆ·åä¸å­˜åœ¨æˆ–è€…å¯†ç é”™è¯¯!	{"error": "å¯†ç é”™è¯¯"}
[github.com/flipped-aurora/gin-vue-admin/server]2024-08-09 14:01:16.682	[31merror[0m	C:/Users/RJ516/Desktop/attendance/server/api/v1/system/sys_base.go:27	ç™»é™†å¤±è´¥! ç”¨æˆ·åä¸å­˜åœ¨æˆ–è€…å¯†ç é”™è¯¯!	{"error": "å¯†ç é”™è¯¯"}
[github.com/flipped-aurora/gin-vue-admin/server]2024-08-09 14:02:23.979	[31merror[0m	C:/Users/RJ516/Desktop/attendance/server/api/v1/system/sys_base.go:27	ç™»é™†å¤±è´¥! ç”¨æˆ·åä¸å­˜åœ¨æˆ–è€…å¯†ç é”™è¯¯!	{"error": "å¯†ç é”™è¯¯"}
[github.com/flipped-aurora/gin-vue-admin/server]2024-08-09 14:12:40.029	[31merror[0m	C:/Users/RJ516/Desktop/attendance/server/api/v1/system/sys_base.go:27	ç™»é™†å¤±è´¥! ç”¨æˆ·åä¸å­˜åœ¨æˆ–è€…å¯†ç é”™è¯¯!	{"error": "å¯†ç é”™è¯¯"}
[github.com/flipped-aurora/gin-vue-admin/server]2024-08-09 14:17:52.195	[31merror[0m	C:/Users/RJ516/Desktop/attendance/server/api/v1/system/sys_base.go:27	ç™»é™†å¤±è´¥! ç”¨æˆ·åä¸å­˜åœ¨æˆ–è€…å¯†ç é”™è¯¯!	{"error": "å¯†ç é”™è¯¯"}
[github.com/flipped-aurora/gin-vue-admin/server]2024-08-09 14:17:58.754	[31merror[0m	C:/Users/RJ516/Desktop/attendance/server/api/v1/system/sys_base.go:27	ç™»é™†å¤±è´¥! ç”¨æˆ·åä¸å­˜åœ¨æˆ–è€…å¯†ç é”™è¯¯!	{"error": "å¯†ç é”™è¯¯"}
[github.com/flipped-aurora/gin-vue-admin/server]2024-08-09 14:18:04.820	[31merror[0m	C:/Users/RJ516/Desktop/attendance/server/api/v1/system/sys_base.go:27	ç™»é™†å¤±è´¥! ç”¨æˆ·åä¸å­˜åœ¨æˆ–è€…å¯†ç é”™è¯¯!	{"error": "å¯†ç é”™è¯¯"}
[github.com/flipped-aurora/gin-vue-admin/server]2024-08-09 14:19:55.759	[31merror[0m	C:/Users/RJ516/Desktop/attendance/server/api/v1/system/sys_base.go:27	ç™»é™†å¤±è´¥! ç”¨æˆ·åä¸å­˜åœ¨æˆ–è€…å¯†ç é”™è¯¯!	{"error": "å¯†ç é”™è¯¯"}
[github.com/flipped-aurora/gin-vue-admin/server]2024-08-09 14:24:37.647	[31merror[0m	C:/Users/RJ516/Desktop/attendance/server/api/v1/system/sys_base.go:27	ç™»é™†å¤±è´¥! ç”¨æˆ·åä¸å­˜åœ¨æˆ–è€…å¯†ç é”™è¯¯!	{"error": "å¯†ç é”™è¯¯"}
[github.com/flipped-aurora/gin-vue-admin/server]2024-08-09 14:32:52.546	[31merror[0m	C:/Users/RJ516/Desktop/attendance/server/api/v1/system/sys_base.go:27	ç™»é™†å¤±è´¥! ç”¨æˆ·åä¸å­˜åœ¨æˆ–è€…å¯†ç é”™è¯¯!	{"error": "record not found"}
[github.com/flipped-aurora/gin-vue-admin/server]2024-08-09 14:38:01.495	[31merror[0m	C:/Users/RJ516/Desktop/attendance/server/api/v1/system/sys_base.go:27	ç™»é™†å¤±è´¥! ç”¨æˆ·åä¸å­˜åœ¨æˆ–è€…å¯†ç é”™è¯¯!	{"error": "å¯†ç é”™è¯¯"}
[github.com/flipped-aurora/gin-vue-admin/server]2024-08-09 14:39:36.409	[31merror[0m	C:/Users/RJ516/Desktop/attendance/server/api/v1/system/sys_base.go:27	ç™»é™†å¤±è´¥! ç”¨æˆ·åä¸å­˜åœ¨æˆ–è€…å¯†ç é”™è¯¯!	{"error": "record not found"}
[github.com/flipped-aurora/gin-vue-admin/server]2024-08-09 15:55:02.962	[31merror[0m	C:/Users/RJ516/Desktop/attendance/server/api/v1/system/sys_dept.go:23	è·å–å¤±è´¥!	{"error": "sql: expected 1 arguments, got 2"}
[github.com/flipped-aurora/gin-vue-admin/server]2024-08-09 16:11:49.286	[31merror[0m	C:/Users/RJ516/Desktop/attendance/server/api/v1/system/sys_dept.go:43	è·å–å¤±è´¥!	{"error": "Error 1146 (42S02): Table 'attendance.sys_dept_for_up_sets' doesn't exist"}
[github.com/flipped-aurora/gin-vue-admin/server]2024-08-09 16:16:04.964	[31merror[0m	C:/Users/RJ516/Desktop/attendance/server/api/v1/system/sys_dept.go:43	è·å–å¤±è´¥!	{"error": "Error 1366 (HY000): Incorrect integer value: '' for column 'id' at row 1"}
[github.com/flipped-aurora/gin-vue-admin/server]2024-08-09 16:16:06.373	[31merror[0m	C:/Users/RJ516/Desktop/attendance/server/api/v1/system/sys_dept.go:43	è·å–å¤±è´¥!	{"error": "Error 1366 (HY000): Incorrect integer value: '' for column 'id' at row 1"}
[github.com/flipped-aurora/gin-vue-admin/server]2024-08-09 16:16:27.638	[31merror[0m	C:/Users/RJ516/Desktop/attendance/server/api/v1/system/sys_dept.go:43	è·å–å¤±è´¥!	{"error": "Error 1366 (HY000): Incorrect integer value: '' for column 'id' at row 1"}
[github.com/flipped-aurora/gin-vue-admin/server]2024-08-09 16:17:06.065	[31merror[0m	C:/Users/RJ516/Desktop/attendance/server/api/v1/system/sys_dept.go:43	è·å–å¤±è´¥!	{"error": "Error 1366 (HY000): Incorrect integer value: '' for column 'id' at row 1"}
[github.com/flipped-aurora/gin-vue-admin/server]2024-08-09 16:17:18.295	[31merror[0m	C:/Users/RJ516/Desktop/attendance/server/api/v1/system/sys_dept.go:43	è·å–å¤±è´¥!	{"error": "Error 1366 (HY000): Incorrect integer value: '' for column 'id' at row 1"}
[github.com/flipped-aurora/gin-vue-admin/server]2024-08-09 16:27:17.925	[31merror[0m	C:/Users/RJ516/Desktop/attendance/server/api/v1/system/sys_dept.go:43	è·å–å¤±è´¥!	{"error": "Error 1366 (HY000): Incorrect integer value: '' for column 'id' at row 1"}
[github.com/flipped-aurora/gin-vue-admin/server]2024-08-09 16:27:19.035	[31merror[0m	C:/Users/RJ516/Desktop/attendance/server/api/v1/system/sys_dept.go:43	è·å–å¤±è´¥!	{"error": "Error 1366 (HY000): Incorrect integer value: '' for column 'id' at row 1"}
[github.com/flipped-aurora/gin-vue-admin/server]2024-08-09 16:29:15.776	[31merror[0m	C:/Users/RJ516/Desktop/attendance/server/api/v1/system/sys_dept.go:43	è·å–å¤±è´¥!	{"error": "Error 1366 (HY000): Incorrect integer value: '' for column 'id' at row 1"}
[github.com/flipped-aurora/gin-vue-admin/server]2024-08-09 16:44:40.768	[31merror[0m	C:/Users/RJ516/Desktop/attendance/server/api/v1/system/sys_dept.go:60	è·å–å¤±è´¥!	{"error": "Error 1054 (42S22): Unknown column 'sys_user_id' in 'where clause'"}
[github.com/flipped-aurora/gin-vue-admin/server]2024-08-09 16:50:02.100	[31merror[0m	C:/Users/RJ516/Desktop/attendance/server/api/v1/system/sys_dept.go:60	è·å–å¤±è´¥!	{"error": "Error 1054 (42S22): Unknown column 'sys_user_id' in 'where clause'"}
[github.com/flipped-aurora/gin-vue-admin/server]2024-08-09 16:50:13.993	[31merror[0m	C:/Users/RJ516/Desktop/attendance/server/api/v1/system/sys_dept.go:60	è·å–å¤±è´¥!	{"error": "Error 1054 (42S22): Unknown column 'sys_user_id' in 'where clause'"}
[github.com/flipped-aurora/gin-vue-admin/server]2024-08-09 16:55:43.359	[31merror[0m	C:/Users/RJ516/Desktop/attendance/server/api/v1/system/sys_dept.go:60	è·å–å¤±è´¥!	{"error": "Error 1054 (42S22): Unknown column 'sys_user_id' in 'where clause'"}
[github.com/flipped-aurora/gin-vue-admin/server]2024-08-09 16:55:52.042	[31merror[0m	C:/Users/RJ516/Desktop/attendance/server/api/v1/system/sys_dept.go:60	è·å–å¤±è´¥!	{"error": "Error 1054 (42S22): Unknown column 'sys_user_id' in 'where clause'"}
[github.com/flipped-aurora/gin-vue-admin/server]2024-08-09 16:57:17.535	[31merror[0m	C:/Users/RJ516/Desktop/attendance/server/api/v1/system/sys_dept.go:60	è·å–å¤±è´¥!	{"error": "record not found"}
[github.com/flipped-aurora/gin-vue-admin/server]2024-08-09 17:02:10.683	[31merror[0m	C:/Users/RJ516/Desktop/attendance/server/api/v1/system/sys_dept.go:60	è·å–å¤±è´¥!	{"error": "sql: transaction has already been committed or rolled back"}
[github.com/flipped-aurora/gin-vue-admin/server]2024-08-09 17:04:27.363	[31merror[0m	C:/Users/RJ516/Desktop/attendance/server/api/v1/system/sys_user.go:104	è·å–å¤±è´¥!	{"error": "ç”¨æˆ·å·²æœ‰è§’è‰²ï¼Œæ— æ³•åˆ é™¤"}
[github.com/flipped-aurora/gin-vue-admin/server]2024-08-09 17:21:07.924	[31merror[0m	C:/Users/RJ516/Desktop/attendance/server/api/v1/system/sys_dept.go:43	è·å–å¤±è´¥!	{"error": "Error 1366 (HY000): Incorrect integer value: '' for column 'id' at row 1"}
[github.com/flipped-aurora/gin-vue-admin/server]2024-08-09 17:23:34.650	[31merror[0m	C:/Users/RJ516/Desktop/attendance/server/api/v1/system/sys_dept.go:43	è·å–å¤±è´¥!	{"error": "Error 1366 (HY000): Incorrect integer value: '' for column 'id' at row 1"}
[github.com/flipped-aurora/gin-vue-admin/server]2024-08-09 17:24:39.808	[31merror[0m	C:/Users/RJ516/Desktop/attendance/server/api/v1/system/sys_dept.go:43	è·å–å¤±è´¥!	{"error": "Error 1366 (HY000): Incorrect integer value: '' for column 'id' at row 1"}
[github.com/flipped-aurora/gin-vue-admin/server]2024-08-09 17:24:53.230	[31merror[0m	C:/Users/RJ516/Desktop/attendance/server/api/v1/system/sys_dept.go:43	è·å–å¤±è´¥!	{"error": "Error 1366 (HY000): Incorrect integer value: '' for column 'id' at row 1"}
[github.com/flipped-aurora/gin-vue-admin/server]2024-08-09 17:25:11.655	[31merror[0m	C:/Users/RJ516/Desktop/attendance/server/api/v1/system/sys_dept.go:43	è·å–å¤±è´¥!	{"error": "Error 1366 (HY000): Incorrect integer value: '' for column 'id' at row 1"}
[github.com/flipped-aurora/gin-vue-admin/server]2024-08-09 17:26:29.504	[31merror[0m	C:/Users/RJ516/Desktop/attendance/server/api/v1/system/sys_dept.go:43	è·å–å¤±è´¥!	{"error": "Error 1366 (HY000): Incorrect integer value: '' for column 'id' at row 1"}
